<?xml version="1.0" encoding="UTF-8"?>
<!-- Generated by org.testng.reporters.JUnitXMLReporter -->
<testsuite hostname="Sridhar" name="Default test" tests="4" failures="0" timestamp="17 Jul 2015 02:09:44 GMT" time="2.271" errors="0">
  <testcase name="getAllJobs" time="0.15" classname="csjobs.model.dao.CSJobsDaoTest"/>
  <testcase name="getJobForSingleApplicant" time="0.014" classname="csjobs.model.dao.CSJobsDaoTest"/>
  <testcase name="getReviewerJobs" time="0.008" classname="csjobs.model.dao.CSJobsDaoTest"/>
  <testcase name="getUsers" time="0.004" classname="csjobs.model.dao.CSJobsDaoTest"/>
</testsuite> <!-- Default test -->
