<?xml version="1.0" encoding="UTF-8"?>
<testng-results skipped="0" failed="0" total="0" passed="0">
  <reporter-output>
  </reporter-output>
  <suite name="csjobs.model.dao.CSJobsDaoTest" duration-ms="2" started-at="2015-08-20T09:02:36Z" finished-at="2015-08-20T09:02:36Z">
    <groups>
    </groups>
    <test name="Command line test" duration-ms="2" started-at="2015-08-20T09:02:36Z" finished-at="2015-08-20T09:02:36Z">
    </test> <!-- Command line test -->
  </suite> <!-- csjobs.model.dao.CSJobsDaoTest -->
</testng-results>
